<?xml version="1.0" encoding="UTF-8"?>
<!-- Generated by org.testng.reporters.JUnitXMLReporter -->
<testsuite hostname="Ankur" name="Test" tests="3" failures="0" timestamp="3 Mar 2021 10:59:37 GMT" time="94.269" errors="0">
  <testcase name="homePage" time="16.364" classname="com.POMFramework.testcases.TestingSQA"/>
  <testcase name="dbPage" time="15.674" classname="com.POMFramework.testcases.TestingSQA"/>
  <testcase name="loginPage" time="23.671" classname="com.POMFramework.testcases.TestingSQA"/>
</testsuite> <!-- Test -->
