<?xml version="1.0" encoding="UTF-8"?>
<testng-results skipped="0" failed="0" total="3" passed="3">
  <reporter-output>
  </reporter-output>
  <suite name="Default suite" duration-ms="164307" started-at="2021-03-02T13:59:47Z" finished-at="2021-03-02T14:02:31Z">
    <groups>
    </groups>
    <test name="Default test" duration-ms="164307" started-at="2021-03-02T13:59:47Z" finished-at="2021-03-02T14:02:31Z">
      <class name="com.POMFramework.testcases.TestingSQA">
        <test-method status="PASS" signature="setup()[pri:0, instance:com.POMFramework.testcases.TestingSQA@193948d]" name="setup" is-config="true" duration-ms="14590" started-at="2021-03-02T19:29:47Z" finished-at="2021-03-02T19:30:01Z">
          <reporter-output>
          </reporter-output>
        </test-method> <!-- setup -->
        <test-method status="PASS" signature="homePage()[pri:0, instance:com.POMFramework.testcases.TestingSQA@193948d]" name="homePage" duration-ms="28824" started-at="2021-03-02T19:30:01Z" finished-at="2021-03-02T19:30:30Z">
          <reporter-output>
          </reporter-output>
        </test-method> <!-- homePage -->
        <test-method status="PASS" signature="tearDown()[pri:0, instance:com.POMFramework.testcases.TestingSQA@193948d]" name="tearDown" is-config="true" duration-ms="763" started-at="2021-03-02T19:30:30Z" finished-at="2021-03-02T19:30:31Z">
          <reporter-output>
          </reporter-output>
        </test-method> <!-- tearDown -->
        <test-method status="PASS" signature="setup()[pri:0, instance:com.POMFramework.testcases.TestingSQA@193948d]" name="setup" is-config="true" duration-ms="12022" started-at="2021-03-02T19:30:31Z" finished-at="2021-03-02T19:30:43Z">
          <reporter-output>
          </reporter-output>
        </test-method> <!-- setup -->
        <test-method status="PASS" signature="dbPage()[pri:0, instance:com.POMFramework.testcases.TestingSQA@193948d]" name="dbPage" duration-ms="24314" started-at="2021-03-02T19:30:43Z" finished-at="2021-03-02T19:31:07Z">
          <reporter-output>
          </reporter-output>
        </test-method> <!-- dbPage -->
        <test-method status="PASS" signature="tearDown()[pri:0, instance:com.POMFramework.testcases.TestingSQA@193948d]" name="tearDown" is-config="true" duration-ms="724" started-at="2021-03-02T19:31:07Z" finished-at="2021-03-02T19:31:08Z">
          <reporter-output>
          </reporter-output>
        </test-method> <!-- tearDown -->
        <test-method status="PASS" signature="setup()[pri:0, instance:com.POMFramework.testcases.TestingSQA@193948d]" name="setup" is-config="true" duration-ms="17190" started-at="2021-03-02T19:31:08Z" finished-at="2021-03-02T19:31:25Z">
          <reporter-output>
          </reporter-output>
        </test-method> <!-- setup -->
        <test-method status="PASS" signature="loginPage()[pri:0, instance:com.POMFramework.testcases.TestingSQA@193948d]" name="loginPage" duration-ms="65022" started-at="2021-03-02T19:31:25Z" finished-at="2021-03-02T19:32:30Z">
          <reporter-output>
          </reporter-output>
        </test-method> <!-- loginPage -->
        <test-method status="PASS" signature="tearDown()[pri:0, instance:com.POMFramework.testcases.TestingSQA@193948d]" name="tearDown" is-config="true" duration-ms="811" started-at="2021-03-02T19:32:30Z" finished-at="2021-03-02T19:32:31Z">
          <reporter-output>
          </reporter-output>
        </test-method> <!-- tearDown -->
      </class> <!-- com.POMFramework.testcases.TestingSQA -->
    </test> <!-- Default test -->
  </suite> <!-- Default suite -->
</testng-results>
