<?xml version="1.0" encoding="UTF-8"?>
<testng-results skipped="0" failed="0" total="3" passed="3">
  <reporter-output>
  </reporter-output>
  <suite name="Suite" duration-ms="94269" started-at="2021-03-03T10:58:02Z" finished-at="2021-03-03T10:59:37Z">
    <groups>
    </groups>
    <test name="Test" duration-ms="94269" started-at="2021-03-03T10:58:02Z" finished-at="2021-03-03T10:59:37Z">
      <class name="com.POMFramework.testcases.TestingSQA">
        <test-method status="PASS" signature="setup()[pri:0, instance:com.POMFramework.testcases.TestingSQA@193948d]" name="setup" is-config="true" duration-ms="13006" started-at="2021-03-03T16:28:02Z" finished-at="2021-03-03T16:28:15Z">
          <reporter-output>
          </reporter-output>
        </test-method> <!-- setup -->
        <test-method status="PASS" signature="homePage()[pri:0, instance:com.POMFramework.testcases.TestingSQA@193948d]" name="homePage" duration-ms="16364" started-at="2021-03-03T16:28:15Z" finished-at="2021-03-03T16:28:32Z">
          <reporter-output>
          </reporter-output>
        </test-method> <!-- homePage -->
        <test-method status="PASS" signature="tearDown()[pri:0, instance:com.POMFramework.testcases.TestingSQA@193948d]" name="tearDown" is-config="true" duration-ms="1420" started-at="2021-03-03T16:28:32Z" finished-at="2021-03-03T16:28:33Z">
          <reporter-output>
          </reporter-output>
        </test-method> <!-- tearDown -->
        <test-method status="PASS" signature="setup()[pri:0, instance:com.POMFramework.testcases.TestingSQA@193948d]" name="setup" is-config="true" duration-ms="14017" started-at="2021-03-03T16:28:33Z" finished-at="2021-03-03T16:28:47Z">
          <reporter-output>
          </reporter-output>
        </test-method> <!-- setup -->
        <test-method status="PASS" signature="dbPage()[pri:0, instance:com.POMFramework.testcases.TestingSQA@193948d]" name="dbPage" duration-ms="15674" started-at="2021-03-03T16:28:47Z" finished-at="2021-03-03T16:29:03Z">
          <reporter-output>
          </reporter-output>
        </test-method> <!-- dbPage -->
        <test-method status="PASS" signature="tearDown()[pri:0, instance:com.POMFramework.testcases.TestingSQA@193948d]" name="tearDown" is-config="true" duration-ms="659" started-at="2021-03-03T16:29:03Z" finished-at="2021-03-03T16:29:03Z">
          <reporter-output>
          </reporter-output>
        </test-method> <!-- tearDown -->
        <test-method status="PASS" signature="setup()[pri:0, instance:com.POMFramework.testcases.TestingSQA@193948d]" name="setup" is-config="true" duration-ms="8732" started-at="2021-03-03T16:29:03Z" finished-at="2021-03-03T16:29:12Z">
          <reporter-output>
          </reporter-output>
        </test-method> <!-- setup -->
        <test-method status="PASS" signature="loginPage()[pri:0, instance:com.POMFramework.testcases.TestingSQA@193948d]" name="loginPage" duration-ms="23671" started-at="2021-03-03T16:29:12Z" finished-at="2021-03-03T16:29:36Z">
          <reporter-output>
          </reporter-output>
        </test-method> <!-- loginPage -->
        <test-method status="PASS" signature="tearDown()[pri:0, instance:com.POMFramework.testcases.TestingSQA@193948d]" name="tearDown" is-config="true" duration-ms="679" started-at="2021-03-03T16:29:36Z" finished-at="2021-03-03T16:29:37Z">
          <reporter-output>
          </reporter-output>
        </test-method> <!-- tearDown -->
      </class> <!-- com.POMFramework.testcases.TestingSQA -->
    </test> <!-- Test -->
  </suite> <!-- Suite -->
</testng-results>
