<?xml version="1.0" encoding="UTF-8"?>
<!-- Generated by org.testng.reporters.JUnitXMLReporter -->
<testsuite hostname="Ankur" name="Default test(failed)" tests="1" failures="1" timestamp="10 Mar 2021 15:14:28 GMT" time="0.078" errors="0">
  <testcase name="TestToFail" time="0.041" classname="com.POMFramework.testcases.TestForListener">
    <failure type="java.lang.AssertionError" message="expected [true] but found [false]">
      <![CDATA[java.lang.AssertionError: expected [true] but found [false]
	at com.POMFramework.testcases.TestForListener.TestToFail(TestForListener.java:38)
... Removed 28 stack frames]]>
    </failure>
  </testcase> <!-- TestToFail -->
</testsuite> <!-- Default test(failed) -->
