<?xml version="1.0" encoding="UTF-8"?>
<!-- Generated by org.testng.reporters.JUnitXMLReporter -->
<testsuite hostname="Ankur" name="Default test" tests="3" failures="0" timestamp="2 Mar 2021 14:02:32 GMT" time="164.307" errors="0">
  <testcase name="homePage" time="28.824" classname="com.POMFramework.testcases.TestingSQA"/>
  <testcase name="dbPage" time="24.314" classname="com.POMFramework.testcases.TestingSQA"/>
  <testcase name="loginPage" time="65.022" classname="com.POMFramework.testcases.TestingSQA"/>
</testsuite> <!-- Default test -->
